  [4;36;1mSQL (0.5ms)[0m   [0;1m SELECT name
 FROM sqlite_master
 WHERE type = 'table' AND NOT name = 'sqlite_sequence'
[0m
  [4;35;1mSQL (0.2ms)[0m   [0mselect sqlite_version(*)[0m
  [4;36;1mSQL (1.4ms)[0m   [0;1mCREATE TABLE "schema_migrations" ("version" varchar(255) NOT NULL) [0m
  [4;35;1mSQL (0.1ms)[0m   [0mPRAGMA index_list("schema_migrations")[0m
  [4;36;1mSQL (1.6ms)[0m   [0;1mCREATE UNIQUE INDEX "unique_schema_migrations" ON "schema_migrations" ("version")[0m
  [4;35;1mSQL (0.1ms)[0m   [0m SELECT name
 FROM sqlite_master
 WHERE type = 'table' AND NOT name = 'sqlite_sequence'
[0m
  [4;36;1mSQL (0.1ms)[0m   [0;1mSELECT version FROM schema_migrations[0m
Migrating to CreateIndustries (20101208153146)
  [4;35;1mSQL (0.4ms)[0m   [0mCREATE TABLE "industries" ("id" INTEGER PRIMARY KEY AUTOINCREMENT NOT NULL, "name" varchar(255), "description" text, "created_at" datetime, "updated_at" datetime) [0m
  [4;36;1mSQL (0.1ms)[0m   [0;1mINSERT INTO schema_migrations (version) VALUES ('20101208153146')[0m
  [4;35;1mSQL (0.2ms)[0m   [0m SELECT name
 FROM sqlite_master
 WHERE type = 'table' AND NOT name = 'sqlite_sequence'
[0m
  [4;36;1mSQL (0.1ms)[0m   [0;1mSELECT version FROM schema_migrations[0m
  [4;35;1mSQL (0.1ms)[0m   [0m SELECT name
 FROM sqlite_master
 WHERE type = 'table' AND NOT name = 'sqlite_sequence'
[0m
  [4;36;1mSQL (0.0ms)[0m   [0;1mPRAGMA index_list("industries")[0m


Processing IndustriesController#index (for 127.0.0.1 at 2010-12-08 16:43:52) [GET]
  [4;36;1mIndustry Load (0.7ms)[0m   [0;1mSELECT * FROM "industries" [0m
Rendering template within layouts/industries
Rendering industries/index

ActionView::TemplateError (undefined local variable or method `industry' for #<ActionView::Base:0x1031dc050>) on line #20 of app/views/industries/index.html.erb:
17: <% end %>
18: </table>
19: 
20: <input type="submit" name="submit_with_destroy" value="Destroy" formaction="<%= industry_path(industry) %>" formmethod="DELETE">
21: 
22: </form>
23: 

    app/views/industries/index.html.erb:20
    app/controllers/industries_controller.rb:7:in `index'
    /Users/lmartinc/.rvm/rubies/ruby-1.8.7-p302/lib/ruby/1.8/webrick/httpserver.rb:104:in `service'
    /Users/lmartinc/.rvm/rubies/ruby-1.8.7-p302/lib/ruby/1.8/webrick/httpserver.rb:65:in `run'
    /Users/lmartinc/.rvm/rubies/ruby-1.8.7-p302/lib/ruby/1.8/webrick/server.rb:173:in `start_thread'
    /Users/lmartinc/.rvm/rubies/ruby-1.8.7-p302/lib/ruby/1.8/webrick/server.rb:162:in `start'
    /Users/lmartinc/.rvm/rubies/ruby-1.8.7-p302/lib/ruby/1.8/webrick/server.rb:162:in `start_thread'
    /Users/lmartinc/.rvm/rubies/ruby-1.8.7-p302/lib/ruby/1.8/webrick/server.rb:95:in `start'
    /Users/lmartinc/.rvm/rubies/ruby-1.8.7-p302/lib/ruby/1.8/webrick/server.rb:92:in `each'
    /Users/lmartinc/.rvm/rubies/ruby-1.8.7-p302/lib/ruby/1.8/webrick/server.rb:92:in `start'
    /Users/lmartinc/.rvm/rubies/ruby-1.8.7-p302/lib/ruby/1.8/webrick/server.rb:23:in `start'
    /Users/lmartinc/.rvm/rubies/ruby-1.8.7-p302/lib/ruby/1.8/webrick/server.rb:82:in `start'

Rendered rescues/_trace (43.3ms)
Rendered rescues/_request_and_response (1.2ms)
Rendering rescues/layout (internal_server_error)


Processing IndustriesController#index (for 127.0.0.1 at 2010-12-08 16:47:00) [GET]
  [4;36;1mIndustry Load (0.6ms)[0m   [0;1mSELECT * FROM "industries" [0m
Rendering template within layouts/industries
Rendering industries/index
Completed in 14ms (View: 9, DB: 1) | 200 OK [http://localhost/industries]


Processing IndustriesController#new (for 127.0.0.1 at 2010-12-08 16:47:02) [GET]
Rendering template within layouts/industries
Rendering industries/new
Completed in 19ms (View: 15, DB: 0) | 200 OK [http://localhost/industries/new]


Processing IndustriesController#create (for 127.0.0.1 at 2010-12-08 16:47:04) [POST]
  Parameters: {"commit"=>"Create", "authenticity_token"=>"4Cczs0nlTZ09QQkNmjwrWIwWFFIZzbsASU1n69w2hAU=", "industry"=>{"name"=>"test", "description"=>"sdfa"}}
  [4;35;1mIndustry Create (0.8ms)[0m   [0mINSERT INTO "industries" ("name", "created_at", "updated_at", "description") VALUES('test', '2010-12-08 15:47:04', '2010-12-08 15:47:04', 'sdfa')[0m
Redirected to http://localhost:3000/industries/1
Completed in 9ms (DB: 1) | 302 Found [http://localhost/industries]


Processing IndustriesController#show (for 127.0.0.1 at 2010-12-08 16:47:04) [GET]
  Parameters: {"id"=>"1"}
  [4;36;1mIndustry Load (0.2ms)[0m   [0;1mSELECT * FROM "industries" WHERE ("industries"."id" = 1) [0m
Rendering template within layouts/industries
Rendering industries/show
Completed in 12ms (View: 7, DB: 0) | 200 OK [http://localhost/industries/1]


Processing IndustriesController#index (for 127.0.0.1 at 2010-12-08 16:47:06) [GET]
  [4;35;1mIndustry Load (0.4ms)[0m   [0mSELECT * FROM "industries" [0m
Rendering template within layouts/industries
Rendering industries/index
Completed in 8ms (View: 4, DB: 0) | 200 OK [http://localhost/industries]


Processing IndustriesController#new (for 127.0.0.1 at 2010-12-08 16:47:08) [GET]
Rendering template within layouts/industries
Rendering industries/new
Completed in 11ms (View: 6, DB: 0) | 200 OK [http://localhost/industries/new]


Processing IndustriesController#create (for 127.0.0.1 at 2010-12-08 16:47:11) [POST]
  Parameters: {"commit"=>"Create", "authenticity_token"=>"4Cczs0nlTZ09QQkNmjwrWIwWFFIZzbsASU1n69w2hAU=", "industry"=>{"name"=>"eeee", "description"=>"ddd"}}
  [4;36;1mIndustry Create (0.4ms)[0m   [0;1mINSERT INTO "industries" ("name", "created_at", "updated_at", "description") VALUES('eeee', '2010-12-08 15:47:11', '2010-12-08 15:47:11', 'ddd')[0m
Redirected to http://localhost:3000/industries/2
Completed in 8ms (DB: 0) | 302 Found [http://localhost/industries]


Processing IndustriesController#show (for 127.0.0.1 at 2010-12-08 16:47:11) [GET]
  Parameters: {"id"=>"2"}
  [4;35;1mIndustry Load (0.2ms)[0m   [0mSELECT * FROM "industries" WHERE ("industries"."id" = 2) [0m
Rendering template within layouts/industries
Rendering industries/show
Completed in 7ms (View: 2, DB: 0) | 200 OK [http://localhost/industries/2]


Processing IndustriesController#index (for 127.0.0.1 at 2010-12-08 16:47:13) [GET]
  [4;36;1mIndustry Load (0.4ms)[0m   [0;1mSELECT * FROM "industries" [0m
Rendering template within layouts/industries
Rendering industries/index
Completed in 8ms (View: 4, DB: 0) | 200 OK [http://localhost/industries]


Processing IndustriesController#create (for 127.0.0.1 at 2010-12-08 16:47:15) [POST]
  Parameters: {"industry_ids"=>"1", "submit_with_destroy"=>"Destroy"}

ActionController::InvalidAuthenticityToken (ActionController::InvalidAuthenticityToken):
  /Users/lmartinc/.rvm/rubies/ruby-1.8.7-p302/lib/ruby/1.8/webrick/httpserver.rb:104:in `service'
  /Users/lmartinc/.rvm/rubies/ruby-1.8.7-p302/lib/ruby/1.8/webrick/httpserver.rb:65:in `run'
  /Users/lmartinc/.rvm/rubies/ruby-1.8.7-p302/lib/ruby/1.8/webrick/server.rb:173:in `start_thread'
  /Users/lmartinc/.rvm/rubies/ruby-1.8.7-p302/lib/ruby/1.8/webrick/server.rb:162:in `start'
  /Users/lmartinc/.rvm/rubies/ruby-1.8.7-p302/lib/ruby/1.8/webrick/server.rb:162:in `start_thread'
  /Users/lmartinc/.rvm/rubies/ruby-1.8.7-p302/lib/ruby/1.8/webrick/server.rb:95:in `start'
  /Users/lmartinc/.rvm/rubies/ruby-1.8.7-p302/lib/ruby/1.8/webrick/server.rb:92:in `each'
  /Users/lmartinc/.rvm/rubies/ruby-1.8.7-p302/lib/ruby/1.8/webrick/server.rb:92:in `start'
  /Users/lmartinc/.rvm/rubies/ruby-1.8.7-p302/lib/ruby/1.8/webrick/server.rb:23:in `start'
  /Users/lmartinc/.rvm/rubies/ruby-1.8.7-p302/lib/ruby/1.8/webrick/server.rb:82:in `start'

Rendered rescues/_trace (39.7ms)
Rendered rescues/_request_and_response (1.1ms)
Rendering rescues/layout (unprocessable_entity)


Processing IndustriesController#index (for 127.0.0.1 at 2010-12-08 16:47:37) [GET]
  [4;35;1mIndustry Load (0.4ms)[0m   [0mSELECT * FROM "industries" [0m
Rendering template within layouts/industries
Rendering industries/index
Completed in 8ms (View: 4, DB: 0) | 200 OK [http://localhost/industries]


Processing IndustriesController#create (for 127.0.0.1 at 2010-12-08 16:47:40) [POST]
  Parameters: {"industry_ids"=>"1", "submit_with_destroy"=>"Destroy"}
  [4;36;1mIndustry Create (0.5ms)[0m   [0;1mINSERT INTO "industries" ("name", "created_at", "updated_at", "description") VALUES(NULL, '2010-12-08 15:47:40', '2010-12-08 15:47:40', NULL)[0m
Redirected to http://localhost:3000/industries/3
Completed in 11ms (DB: 1) | 302 Found [http://localhost/industries]


Processing IndustriesController#show (for 127.0.0.1 at 2010-12-08 16:47:40) [GET]
  Parameters: {"id"=>"3"}
  [4;35;1mIndustry Load (0.2ms)[0m   [0mSELECT * FROM "industries" WHERE ("industries"."id" = 3) [0m
Rendering template within layouts/industries
Rendering industries/show
Completed in 9ms (View: 3, DB: 0) | 200 OK [http://localhost/industries/3]


Processing IndustriesController#index (for 127.0.0.1 at 2010-12-08 16:47:42) [GET]
  [4;36;1mIndustry Load (0.4ms)[0m   [0;1mSELECT * FROM "industries" [0m
Rendering template within layouts/industries
Rendering industries/index
Completed in 8ms (View: 4, DB: 0) | 200 OK [http://localhost/industries]


Processing IndustriesController#index (for 127.0.0.1 at 2010-12-08 16:50:25) [GET]
  [4;36;1mIndustry Load (0.7ms)[0m   [0;1mSELECT * FROM "industries" [0m
Rendering template within layouts/industries
Rendering industries/index
Completed in 39ms (View: 34, DB: 1) | 200 OK [http://localhost/industries]


Processing IndustriesController#index (for 127.0.0.1 at 2010-12-08 16:50:27) [GET]
  Parameters: {"industry_ids"=>"1", "submit_with_destroy"=>"Destroy"}
  [4;35;1mIndustry Load (0.5ms)[0m   [0mSELECT * FROM "industries" [0m
Rendering template within layouts/industries
Rendering industries/index
Completed in 10ms (View: 4, DB: 0) | 200 OK [http://localhost/industries?industry_ids=1&industry_ids=1&submit_with_destroy=Destroy]


Processing IndustriesController#index (for 127.0.0.1 at 2010-12-08 16:50:29) [GET]
  Parameters: {"industry_ids"=>"1", "submit_with_destroy"=>"Destroy"}
  [4;36;1mIndustry Load (0.4ms)[0m   [0;1mSELECT * FROM "industries" [0m
Rendering template within layouts/industries
Rendering industries/index
Completed in 9ms (View: 5, DB: 0) | 200 OK [http://localhost/industries?industry_ids=1&industry_ids=1&submit_with_destroy=Destroy]


Processing IndustriesController#index (for 127.0.0.1 at 2010-12-08 16:50:32) [GET]
  Parameters: {"industry_ids"=>"1", "submit_with_destroy"=>"Destroy"}
  [4;35;1mIndustry Load (0.4ms)[0m   [0mSELECT * FROM "industries" [0m
Rendering template within layouts/industries
Rendering industries/index
Completed in 10ms (View: 6, DB: 0) | 200 OK [http://localhost/industries?industry_ids=1&industry_ids=1&industry_ids=1&submit_with_destroy=Destroy]


Processing IndustriesController#index (for 127.0.0.1 at 2010-12-08 16:51:19) [GET]
  Parameters: {"industry_ids"=>"1", "submit_with_destroy"=>"Destroy"}
  [4;36;1mIndustry Load (0.4ms)[0m   [0;1mSELECT * FROM "industries" [0m
Rendering template within layouts/industries
Rendering industries/index
Completed in 12ms (View: 8, DB: 0) | 200 OK [http://localhost/industries?industry_ids=1&industry_ids=1&industry_ids=1&submit_with_destroy=Destroy]


Processing IndustriesController#index (for 127.0.0.1 at 2010-12-08 16:51:22) [GET]
  Parameters: {"industry_ids"=>"2", "submit_with_destroy"=>"Destroy"}
  [4;35;1mIndustry Load (0.5ms)[0m   [0mSELECT * FROM "industries" [0m
Rendering template within layouts/industries
Rendering industries/index
Completed in 9ms (View: 5, DB: 0) | 200 OK [http://localhost/industries?industry_ids=1&industry_ids=2&submit_with_destroy=Destroy]


Processing IndustriesController#index (for 127.0.0.1 at 2010-12-08 16:51:47) [GET]
  Parameters: {"industry_ids"=>"2", "submit_with_destroy"=>"Destroy"}
  [4;36;1mIndustry Load (0.4ms)[0m   [0;1mSELECT * FROM "industries" [0m
Rendering template within layouts/industries
Rendering industries/index
Completed in 14ms (View: 9, DB: 0) | 200 OK [http://localhost/industries?industry_ids=1&industry_ids=2&submit_with_destroy=Destroy]


Processing IndustriesController#index (for 127.0.0.1 at 2010-12-08 16:51:51) [GET]
  Parameters: {"industry_ids"=>["1", "2"], "submit_with_destroy"=>"Destroy"}
  [4;35;1mIndustry Load (0.4ms)[0m   [0mSELECT * FROM "industries" [0m
Rendering template within layouts/industries
Rendering industries/index
Completed in 9ms (View: 4, DB: 0) | 200 OK [http://localhost/industries?industry_ids%5B%5D=1&industry_ids%5B%5D=2&submit_with_destroy=Destroy]


Processing IndustriesController#index (for 127.0.0.1 at 2010-12-09 09:20:11) [GET]
  [4;36;1mIndustry Load (17.8ms)[0m   [0;1mSELECT * FROM "industries" [0m
Rendering template within layouts/industries
Rendering industries/index
Completed in 97ms (View: 74, DB: 18) | 200 OK [http://localhost/industries]


Processing IndustriesController#index (for 127.0.0.1 at 2010-12-09 09:20:19) [GET]
  Parameters: {"industry_ids"=>["1", "2"], "__map:multi_destroy:method"=>"DELETE", "__map:multi_destroy:url"=>"/industries/destroy_multiple", "__rewrite:multi_destroy"=>"Destroy"}
  [4;35;1mIndustry Load (0.4ms)[0m   [0mSELECT * FROM "industries" [0m
Rendering template within layouts/industries
Rendering industries/index
Completed in 9ms (View: 4, DB: 0) | 200 OK [http://localhost/industries?industry_ids%5B%5D=1&industry_ids%5B%5D=2&__map%3Amulti_destroy%3Aurl=%2Findustries%2Fdestroy_multiple&__map%3Amulti_destroy%3Amethod=DELETE&__rewrite%3Amulti_destroy=Destroy]


Processing IndustriesController#index (for 127.0.0.1 at 2010-12-09 09:21:03) [GET]
  Parameters: {"industry_ids"=>["1", "2"], "__map:multi_destroy:method"=>"DELETE", "__map:multi_destroy:url"=>"/industries/destroy_multiple", "__rewrite:multi_destroy"=>"Destroy"}
  [4;36;1mIndustry Load (0.4ms)[0m   [0;1mSELECT * FROM "industries" [0m
Rendering template within layouts/industries
Rendering industries/index
Completed in 11ms (View: 7, DB: 0) | 200 OK [http://localhost/industries?industry_ids%5B%5D=1&industry_ids%5B%5D=2&__map%3Amulti_destroy%3Aurl=%2Findustries%2Fdestroy_multiple&__map%3Amulti_destroy%3Amethod=DELETE&__rewrite%3Amulti_destroy=Destroy]
/!\ FAILSAFE /!\  Thu Dec 09 09:21:55 +0100 2010
  Status: 500 Internal Server Error
  undefined local variable or method `interpreted_to' for #<Rack::SubmitMethodHack:0x103796db0>
    /Users/lmartinc/Projects/playground/post_no_javascript/lib/submit_method_hack.rb:17:in `call'
    /Users/lmartinc/.rvm/gems/ruby-1.8.7-p302@aggregator/gems/actionpack-2.3.9/lib/action_controller/params_parser.rb:15:in `call'
    /Users/lmartinc/.rvm/gems/ruby-1.8.7-p302@aggregator/gems/actionpack-2.3.9/lib/action_controller/session/cookie_store.rb:100:in `call'
    /Users/lmartinc/.rvm/gems/ruby-1.8.7-p302@aggregator/gems/actionpack-2.3.9/lib/action_controller/failsafe.rb:26:in `call'
    /Users/lmartinc/.rvm/gems/ruby-1.8.7-p302@aggregator/gems/rack-1.1.0/lib/rack/lock.rb:11:in `call'
    /Users/lmartinc/.rvm/gems/ruby-1.8.7-p302@aggregator/gems/rack-1.1.0/lib/rack/lock.rb:11:in `synchronize'
    /Users/lmartinc/.rvm/gems/ruby-1.8.7-p302@aggregator/gems/rack-1.1.0/lib/rack/lock.rb:11:in `call'
    /Users/lmartinc/.rvm/gems/ruby-1.8.7-p302@aggregator/gems/actionpack-2.3.9/lib/action_controller/dispatcher.rb:114:in `call'
    /Users/lmartinc/.rvm/gems/ruby-1.8.7-p302@aggregator/gems/actionpack-2.3.9/lib/action_controller/reloader.rb:34:in `run'
    /Users/lmartinc/.rvm/gems/ruby-1.8.7-p302@aggregator/gems/actionpack-2.3.9/lib/action_controller/dispatcher.rb:108:in `call'
    /Users/lmartinc/.rvm/gems/ruby-1.8.7-p302@aggregator/gems/rails-2.3.9/lib/rails/rack/static.rb:31:in `call'
    /Users/lmartinc/.rvm/gems/ruby-1.8.7-p302@aggregator/gems/rack-1.1.0/lib/rack/urlmap.rb:47:in `call'
    /Users/lmartinc/.rvm/gems/ruby-1.8.7-p302@aggregator/gems/rack-1.1.0/lib/rack/urlmap.rb:41:in `each'
    /Users/lmartinc/.rvm/gems/ruby-1.8.7-p302@aggregator/gems/rack-1.1.0/lib/rack/urlmap.rb:41:in `call'
    /Users/lmartinc/.rvm/gems/ruby-1.8.7-p302@aggregator/gems/rails-2.3.9/lib/rails/rack/log_tailer.rb:17:in `call'
    /Users/lmartinc/.rvm/gems/ruby-1.8.7-p302@aggregator/gems/rack-1.1.0/lib/rack/content_length.rb:13:in `call'
    /Users/lmartinc/.rvm/gems/ruby-1.8.7-p302@aggregator/gems/rack-1.1.0/lib/rack/handler/webrick.rb:48:in `service'
    /Users/lmartinc/.rvm/rubies/ruby-1.8.7-p302/lib/ruby/1.8/webrick/httpserver.rb:104:in `service'
    /Users/lmartinc/.rvm/rubies/ruby-1.8.7-p302/lib/ruby/1.8/webrick/httpserver.rb:65:in `run'
    /Users/lmartinc/.rvm/rubies/ruby-1.8.7-p302/lib/ruby/1.8/webrick/server.rb:173:in `start_thread'
    /Users/lmartinc/.rvm/rubies/ruby-1.8.7-p302/lib/ruby/1.8/webrick/server.rb:162:in `start'
    /Users/lmartinc/.rvm/rubies/ruby-1.8.7-p302/lib/ruby/1.8/webrick/server.rb:162:in `start_thread'
    /Users/lmartinc/.rvm/rubies/ruby-1.8.7-p302/lib/ruby/1.8/webrick/server.rb:95:in `start'
    /Users/lmartinc/.rvm/rubies/ruby-1.8.7-p302/lib/ruby/1.8/webrick/server.rb:92:in `each'
    /Users/lmartinc/.rvm/rubies/ruby-1.8.7-p302/lib/ruby/1.8/webrick/server.rb:92:in `start'
    /Users/lmartinc/.rvm/rubies/ruby-1.8.7-p302/lib/ruby/1.8/webrick/server.rb:23:in `start'
    /Users/lmartinc/.rvm/rubies/ruby-1.8.7-p302/lib/ruby/1.8/webrick/server.rb:82:in `start'
    /Users/lmartinc/.rvm/gems/ruby-1.8.7-p302@aggregator/gems/rack-1.1.0/lib/rack/handler/webrick.rb:14:in `run'
    /Users/lmartinc/.rvm/gems/ruby-1.8.7-p302@aggregator/gems/rails-2.3.9/lib/commands/server.rb:111
    /Users/lmartinc/.rvm/rubies/ruby-1.8.7-p302/lib/ruby/site_ruby/1.8/rubygems/custom_require.rb:31:in `gem_original_require'
    /Users/lmartinc/.rvm/rubies/ruby-1.8.7-p302/lib/ruby/site_ruby/1.8/rubygems/custom_require.rb:31:in `require'
    ./script/server:3


Processing IndustriesController#index (for 127.0.0.1 at 2010-12-09 09:22:25) [GET]
  [4;36;1mIndustry Load (0.7ms)[0m   [0;1mSELECT * FROM "industries" [0m
Rendering template within layouts/industries
Rendering industries/index
Completed in 18ms (View: 14, DB: 1) | 200 OK [http://localhost/industries]


Processing IndustriesController#index (for 127.0.0.1 at 2010-12-09 09:24:11) [GET]
  [4;36;1mIndustry Load (0.8ms)[0m   [0;1mSELECT * FROM "industries" [0m
Rendering template within layouts/industries
Rendering industries/index
Completed in 19ms (View: 15, DB: 1) | 200 OK [http://localhost/industries]


Processing IndustriesController#index (for 127.0.0.1 at 2010-12-09 09:24:29) [GET]
  [4;36;1mIndustry Load (0.7ms)[0m   [0;1mSELECT * FROM "industries" [0m
Rendering template within layouts/industries
Rendering industries/index
Completed in 19ms (View: 15, DB: 1) | 200 OK [http://localhost/industries]


Processing IndustriesController#index (for 127.0.0.1 at 2010-12-09 09:50:29) [GET]
  [4;36;1mIndustry Load (0.8ms)[0m   [0;1mSELECT * FROM "industries" [0m
Rendering template within layouts/industries
Rendering industries/index
Completed in 19ms (View: 15, DB: 1) | 200 OK [http://localhost/industries]


Processing IndustriesController#index (for 127.0.0.1 at 2010-12-09 09:51:10) [GET]
  [4;36;1mIndustry Load (0.7ms)[0m   [0;1mSELECT * FROM "industries" [0m
Rendering template within layouts/industries
Rendering industries/index
Completed in 19ms (View: 14, DB: 1) | 200 OK [http://localhost/industries]


Processing IndustriesController#index (for 127.0.0.1 at 2010-12-09 09:53:49) [GET]
  [4;36;1mIndustry Load (0.7ms)[0m   [0;1mSELECT * FROM "industries" [0m
Rendering template within layouts/industries
Rendering industries/index
Completed in 19ms (View: 15, DB: 1) | 200 OK [http://localhost/industries]


Processing IndustriesController#destroy (for 127.0.0.1 at 2010-12-09 09:54:48) [DELETE]
  Parameters: {"__rewrite"=>{"multi_destroy"=>"Destroy"}, "id"=>"destroy_multiple", "industry_ids"=>["2", "3"], "__map"=>{"multi_destroy"=>{"method"=>"DELETE", "url"=>"http://localhost:3000/industries/destroy_multiple"}}}
  [4;35;1mIndustry Load (0.2ms)[0m   [0mSELECT * FROM "industries" WHERE ("industries"."id" = 2) [0m
  [4;36;1mIndustry Destroy (0.4ms)[0m   [0;1mDELETE FROM "industries" WHERE "id" = 2[0m
  [4;35;1mIndustry Load (0.2ms)[0m   [0mSELECT * FROM "industries" WHERE ("industries"."id" = 3) [0m
  [4;36;1mIndustry Destroy (0.2ms)[0m   [0;1mDELETE FROM "industries" WHERE "id" = 3[0m
Redirected to http://localhost:3000/industries
Completed in 11ms (DB: 1) | 302 Found [http://localhost/industries/destroy_multiple]


Processing IndustriesController#index (for 127.0.0.1 at 2010-12-09 09:54:48) [GET]
  [4;35;1mIndustry Load (0.5ms)[0m   [0mSELECT * FROM "industries" [0m
Rendering template within layouts/industries
Rendering industries/index
Completed in 10ms (View: 5, DB: 1) | 200 OK [http://localhost/industries]


Processing IndustriesController#destroy (for 127.0.0.1 at 2010-12-09 09:56:37) [DELETE]
  Parameters: {"__rewrite"=>{"destroy"=>"Destroy just one"}, "id"=>"destroy_multiple", "industry_ids"=>["1"], "__map"=>{"multi_destroy"=>{"method"=>"DELETE", "url"=>"http://localhost:3000/industries/destroy_multiple"}}}
  [4;36;1mIndustry Load (0.3ms)[0m   [0;1mSELECT * FROM "industries" WHERE ("industries"."id" = 1) [0m
  [4;35;1mIndustry Destroy (0.3ms)[0m   [0mDELETE FROM "industries" WHERE "id" = 1[0m
Redirected to http://localhost:3000/industries
Completed in 9ms (DB: 1) | 302 Found [http://localhost/industries/destroy_multiple]


Processing IndustriesController#index (for 127.0.0.1 at 2010-12-09 09:56:37) [GET]
  [4;36;1mIndustry Load (0.3ms)[0m   [0;1mSELECT * FROM "industries" [0m
Rendering template within layouts/industries
Rendering industries/index
Completed in 80ms (View: 76, DB: 0) | 200 OK [http://localhost/industries]


Processing IndustriesController#new (for 127.0.0.1 at 2010-12-09 09:56:47) [GET]
Rendering template within layouts/industries
Rendering industries/new
Completed in 25ms (View: 20, DB: 0) | 200 OK [http://localhost/industries/new]


Processing IndustriesController#create (for 127.0.0.1 at 2010-12-09 09:56:50) [POST]
  Parameters: {"commit"=>"Create", "industry"=>{"name"=>"asdf", "description"=>"asdf"}}
  [4;35;1mIndustry Create (30.4ms)[0m   [0mINSERT INTO "industries" ("name", "created_at", "updated_at", "description") VALUES('asdf', '2010-12-09 08:56:50', '2010-12-09 08:56:50', 'asdf')[0m
Redirected to http://localhost:3000/industries/4
Completed in 39ms (DB: 30) | 302 Found [http://localhost/industries]


Processing IndustriesController#show (for 127.0.0.1 at 2010-12-09 09:56:50) [GET]
  Parameters: {"id"=>"4"}
  [4;36;1mIndustry Load (0.3ms)[0m   [0;1mSELECT * FROM "industries" WHERE ("industries"."id" = 4) [0m
Rendering template within layouts/industries
Rendering industries/show
Completed in 31ms (View: 26, DB: 0) | 200 OK [http://localhost/industries/4]


Processing IndustriesController#index (for 127.0.0.1 at 2010-12-09 09:56:51) [GET]
  [4;35;1mIndustry Load (0.4ms)[0m   [0mSELECT * FROM "industries" [0m
Rendering template within layouts/industries
Rendering industries/index
Completed in 7ms (View: 3, DB: 0) | 200 OK [http://localhost/industries]


Processing IndustriesController#new (for 127.0.0.1 at 2010-12-09 09:56:52) [GET]
Rendering template within layouts/industries
Rendering industries/new
Completed in 13ms (View: 7, DB: 0) | 200 OK [http://localhost/industries/new]


Processing IndustriesController#create (for 127.0.0.1 at 2010-12-09 09:56:55) [POST]
  Parameters: {"commit"=>"Create", "industry"=>{"name"=>"asdf", "description"=>"asdf"}}
  [4;36;1mIndustry Create (0.3ms)[0m   [0;1mINSERT INTO "industries" ("name", "created_at", "updated_at", "description") VALUES('asdf', '2010-12-09 08:56:55', '2010-12-09 08:56:55', 'asdf')[0m
Redirected to http://localhost:3000/industries/5
Completed in 8ms (DB: 0) | 302 Found [http://localhost/industries]


Processing IndustriesController#show (for 127.0.0.1 at 2010-12-09 09:56:55) [GET]
  Parameters: {"id"=>"5"}
  [4;35;1mIndustry Load (0.2ms)[0m   [0mSELECT * FROM "industries" WHERE ("industries"."id" = 5) [0m
Rendering template within layouts/industries
Rendering industries/show
Completed in 7ms (View: 3, DB: 0) | 200 OK [http://localhost/industries/5]


Processing IndustriesController#edit (for 127.0.0.1 at 2010-12-09 09:56:56) [GET]
  Parameters: {"id"=>"5"}
  [4;36;1mIndustry Load (0.2ms)[0m   [0;1mSELECT * FROM "industries" WHERE ("industries"."id" = 5) [0m
Rendering template within layouts/industries
Rendering industries/edit
Completed in 25ms (View: 20, DB: 0) | 200 OK [http://localhost/industries/5/edit]


Processing IndustriesController#index (for 127.0.0.1 at 2010-12-09 09:56:57) [GET]
  [4;35;1mIndustry Load (0.4ms)[0m   [0mSELECT * FROM "industries" [0m
Rendering template within layouts/industries
Rendering industries/index
Completed in 7ms (View: 4, DB: 0) | 200 OK [http://localhost/industries]


Processing IndustriesController#destroy (for 127.0.0.1 at 2010-12-09 09:56:59) [DELETE]
  Parameters: {"__rewrite"=>{"destroy"=>"Destroy just one"}, "id"=>"destroy_multiple", "industry_ids"=>["5"], "__map"=>{"multi_destroy"=>{"method"=>"DELETE", "url"=>"http://localhost:3000/industries/destroy_multiple"}}}
  [4;36;1mIndustry Load (0.2ms)[0m   [0;1mSELECT * FROM "industries" WHERE ("industries"."id" = 5) [0m
  [4;35;1mIndustry Destroy (0.3ms)[0m   [0mDELETE FROM "industries" WHERE "id" = 5[0m
Redirected to http://localhost:3000/industries
Completed in 8ms (DB: 0) | 302 Found [http://localhost/industries/destroy_multiple]


Processing IndustriesController#index (for 127.0.0.1 at 2010-12-09 09:56:59) [GET]
  [4;36;1mIndustry Load (0.4ms)[0m   [0;1mSELECT * FROM "industries" [0m
Rendering template within layouts/industries
Rendering industries/index
Completed in 7ms (View: 3, DB: 0) | 200 OK [http://localhost/industries]


Processing IndustriesController#index (for 127.0.0.1 at 2010-12-09 09:59:47) [GET]
  [4;36;1mIndustry Load (0.8ms)[0m   [0;1mSELECT * FROM "industries" [0m
Rendering template within layouts/industries
Rendering industries/index
Completed in 19ms (View: 15, DB: 1) | 200 OK [http://localhost/industries]


Processing IndustriesController#create (for 127.0.0.1 at 2010-12-09 10:00:07) [POST]
  Parameters: {"__rewrite"=>{"destroy"=>"Destroy just one"}, "industry_ids"=>["4"], "__map"=>{"multi_destroy"=>{"method"=>"DELETE", "url"=>"http://localhost:3000/industries/destroy_multiple"}}}
  [4;35;1mIndustry Create (0.5ms)[0m   [0mINSERT INTO "industries" ("name", "created_at", "updated_at", "description") VALUES(NULL, '2010-12-09 09:00:07', '2010-12-09 09:00:07', NULL)[0m
Redirected to http://localhost:3000/industries/6
Completed in 11ms (DB: 0) | 302 Found [http://localhost/industries]


Processing IndustriesController#show (for 127.0.0.1 at 2010-12-09 10:00:07) [GET]
  Parameters: {"id"=>"6"}
  [4;36;1mIndustry Load (0.2ms)[0m   [0;1mSELECT * FROM "industries" WHERE ("industries"."id" = 6) [0m
Rendering template within layouts/industries
Rendering industries/show
Completed in 11ms (View: 6, DB: 0) | 200 OK [http://localhost/industries/6]


Processing IndustriesController#index (for 127.0.0.1 at 2010-12-09 10:00:13) [GET]
  [4;35;1mIndustry Load (0.4ms)[0m   [0mSELECT * FROM "industries" [0m
Rendering template within layouts/industries
Rendering industries/index
Completed in 9ms (View: 4, DB: 0) | 200 OK [http://localhost/industries]


Processing IndustriesController#index (for 127.0.0.1 at 2010-12-09 10:10:34) [GET]
  [4;36;1mIndustry Load (0.9ms)[0m   [0;1mSELECT * FROM "industries" [0m
Rendering template within layouts/industries
Rendering industries/index
Completed in 45ms (View: 39, DB: 1) | 200 OK [http://localhost/industries]

***** Debugger requested, but was not available: Start server with --debugger to enable *****


Processing IndustriesController#destroy (for 127.0.0.1 at 2010-12-09 10:10:36) [DELETE]
  Parameters: {"__rewrite"=>{"multi_destroy"=>"Destroy"}, "id"=>"destroy_multiple", "industry_ids"=>["6"], "__map"=>{"multi_destroy"=>{"method"=>"DELETE", "url"=>"http://localhost:3000/industries/destroy_multiple"}}}
  [4;35;1mIndustry Load (0.1ms)[0m   [0mSELECT * FROM "industries" WHERE ("industries"."id" = 6) [0m
  [4;36;1mIndustry Destroy (0.4ms)[0m   [0;1mDELETE FROM "industries" WHERE "id" = 6[0m
Redirected to http://localhost:3000/industries
Completed in 8ms (DB: 1) | 302 Found [http://localhost/industries/destroy_multiple]


Processing IndustriesController#index (for 127.0.0.1 at 2010-12-09 10:10:36) [GET]
  [4;35;1mIndustry Load (0.4ms)[0m   [0mSELECT * FROM "industries" [0m
Rendering template within layouts/industries
Rendering industries/index
Completed in 7ms (View: 3, DB: 0) | 200 OK [http://localhost/industries]


Processing IndustriesController#index (for 127.0.0.1 at 2010-12-09 10:11:19) [GET]
  [4;36;1mIndustry Load (0.7ms)[0m   [0;1mSELECT * FROM "industries" [0m
Rendering template within layouts/industries
Rendering industries/index
Completed in 20ms (View: 15, DB: 1) | 200 OK [http://localhost/industries]


Processing IndustriesController#index (for 127.0.0.1 at 2010-12-09 12:57:41) [GET]
  [4;36;1mIndustry Load (0.7ms)[0m   [0;1mSELECT * FROM "industries" [0m
Rendering template within layouts/industries
Rendering industries/index
Completed in 67ms (View: 63, DB: 1) | 200 OK [http://localhost/industries]


Processing IndustriesController#destroy (for 127.0.0.1 at 2010-12-09 12:57:44) [DELETE]
  Parameters: {"__rewrite"=>{"multi_destroy"=>"Destroy"}, "id"=>"destroy_multiple", "industry_ids"=>["4"], "__map"=>{"multi_destroy"=>{"method"=>"DELETE", "url"=>"http://localhost:3000/industries/destroy_multiple"}}}
  [4;35;1mIndustry Load (0.2ms)[0m   [0mSELECT * FROM "industries" WHERE ("industries"."id" = 4) [0m
  [4;36;1mIndustry Destroy (0.4ms)[0m   [0;1mDELETE FROM "industries" WHERE "id" = 4[0m
Redirected to http://localhost:3000/industries
Completed in 7ms (DB: 1) | 302 Found [http://localhost/industries/destroy_multiple]


Processing IndustriesController#index (for 127.0.0.1 at 2010-12-09 12:57:44) [GET]
  [4;35;1mIndustry Load (0.3ms)[0m   [0mSELECT * FROM "industries" [0m
Rendering template within layouts/industries
Rendering industries/index
Completed in 6ms (View: 1, DB: 0) | 200 OK [http://localhost/industries]


Processing IndustriesController#new (for 127.0.0.1 at 2010-12-09 12:57:48) [GET]
Rendering template within layouts/industries
Rendering industries/new
Completed in 152ms (View: 147, DB: 0) | 200 OK [http://localhost/industries/new]


Processing IndustriesController#create (for 127.0.0.1 at 2010-12-09 12:57:51) [POST]
  Parameters: {"commit"=>"Create", "industry"=>{"name"=>"asfd", "description"=>"sadf"}}
  [4;36;1mIndustry Create (0.3ms)[0m   [0;1mINSERT INTO "industries" ("name", "created_at", "updated_at", "description") VALUES('asfd', '2010-12-09 11:57:51', '2010-12-09 11:57:51', 'sadf')[0m
Redirected to http://localhost:3000/industries/7
Completed in 7ms (DB: 0) | 302 Found [http://localhost/industries]


Processing IndustriesController#show (for 127.0.0.1 at 2010-12-09 12:57:51) [GET]
  Parameters: {"id"=>"7"}
  [4;35;1mIndustry Load (0.2ms)[0m   [0mSELECT * FROM "industries" WHERE ("industries"."id" = 7) [0m
Rendering template within layouts/industries
Rendering industries/show
Completed in 10ms (View: 5, DB: 0) | 200 OK [http://localhost/industries/7]


Processing IndustriesController#index (for 127.0.0.1 at 2010-12-09 12:57:52) [GET]
  [4;36;1mIndustry Load (0.4ms)[0m   [0;1mSELECT * FROM "industries" [0m
Rendering template within layouts/industries
Rendering industries/index
Completed in 7ms (View: 3, DB: 0) | 200 OK [http://localhost/industries]


Processing IndustriesController#new (for 127.0.0.1 at 2010-12-09 12:57:53) [GET]
Rendering template within layouts/industries
Rendering industries/new
Completed in 10ms (View: 6, DB: 0) | 200 OK [http://localhost/industries/new]


Processing IndustriesController#create (for 127.0.0.1 at 2010-12-09 12:57:56) [POST]
  Parameters: {"commit"=>"Create", "industry"=>{"name"=>"asdf", "description"=>"asdf"}}
  [4;35;1mIndustry Create (0.4ms)[0m   [0mINSERT INTO "industries" ("name", "created_at", "updated_at", "description") VALUES('asdf', '2010-12-09 11:57:56', '2010-12-09 11:57:56', 'asdf')[0m
Redirected to http://localhost:3000/industries/8
Completed in 9ms (DB: 0) | 302 Found [http://localhost/industries]


Processing IndustriesController#show (for 127.0.0.1 at 2010-12-09 12:57:56) [GET]
  Parameters: {"id"=>"8"}
  [4;36;1mIndustry Load (0.2ms)[0m   [0;1mSELECT * FROM "industries" WHERE ("industries"."id" = 8) [0m
Rendering template within layouts/industries
Rendering industries/show
Completed in 7ms (View: 2, DB: 0) | 200 OK [http://localhost/industries/8]


Processing IndustriesController#index (for 127.0.0.1 at 2010-12-09 12:57:57) [GET]
  [4;35;1mIndustry Load (0.4ms)[0m   [0mSELECT * FROM "industries" [0m
Rendering template within layouts/industries
Rendering industries/index
Completed in 7ms (View: 4, DB: 0) | 200 OK [http://localhost/industries]


Processing IndustriesController#create (for 127.0.0.1 at 2010-12-09 12:57:59) [POST]
  Parameters: {"__rewrite"=>{"destroy"=>"Destroy just one"}, "industry_ids"=>["7"], "__map"=>{"multi_destroy"=>{"method"=>"DELETE", "url"=>"http://localhost:3000/industries/destroy_multiple"}}}
  [4;36;1mIndustry Create (0.3ms)[0m   [0;1mINSERT INTO "industries" ("name", "created_at", "updated_at", "description") VALUES(NULL, '2010-12-09 11:57:59', '2010-12-09 11:57:59', NULL)[0m
Redirected to http://localhost:3000/industries/9
Completed in 9ms (DB: 0) | 302 Found [http://localhost/industries]


Processing IndustriesController#show (for 127.0.0.1 at 2010-12-09 12:57:59) [GET]
  Parameters: {"id"=>"9"}
  [4;35;1mIndustry Load (0.1ms)[0m   [0mSELECT * FROM "industries" WHERE ("industries"."id" = 9) [0m
Rendering template within layouts/industries
Rendering industries/show
Completed in 6ms (View: 2, DB: 0) | 200 OK [http://localhost/industries/9]


Processing IndustriesController#index (for 127.0.0.1 at 2010-12-09 12:58:00) [GET]
  [4;36;1mIndustry Load (0.4ms)[0m   [0;1mSELECT * FROM "industries" [0m
Rendering template within layouts/industries
Rendering industries/index
Completed in 8ms (View: 5, DB: 0) | 200 OK [http://localhost/industries]


Processing IndustriesController#destroy (for 127.0.0.1 at 2010-12-09 12:58:02) [DELETE]
  Parameters: {"__rewrite"=>{"multi_destroy"=>"Destroy"}, "id"=>"destroy_multiple", "industry_ids"=>["7"], "__map"=>{"multi_destroy"=>{"method"=>"DELETE", "url"=>"http://localhost:3000/industries/destroy_multiple"}}}
  [4;35;1mIndustry Load (0.2ms)[0m   [0mSELECT * FROM "industries" WHERE ("industries"."id" = 7) [0m
  [4;36;1mIndustry Destroy (0.2ms)[0m   [0;1mDELETE FROM "industries" WHERE "id" = 7[0m
Redirected to http://localhost:3000/industries
Completed in 7ms (DB: 0) | 302 Found [http://localhost/industries/destroy_multiple]


Processing IndustriesController#index (for 127.0.0.1 at 2010-12-09 12:58:02) [GET]
  [4;35;1mIndustry Load (0.4ms)[0m   [0mSELECT * FROM "industries" [0m
Rendering template within layouts/industries
Rendering industries/index
Completed in 8ms (View: 4, DB: 0) | 200 OK [http://localhost/industries]


Processing IndustriesController#destroy (for 127.0.0.1 at 2010-12-09 12:58:05) [DELETE]
  Parameters: {"__rewrite"=>{"multi_destroy"=>"Destroy"}, "id"=>"destroy_multiple", "industry_ids"=>["8", "9"], "__map"=>{"multi_destroy"=>{"method"=>"DELETE", "url"=>"http://localhost:3000/industries/destroy_multiple"}}}
  [4;36;1mIndustry Load (0.2ms)[0m   [0;1mSELECT * FROM "industries" WHERE ("industries"."id" = 8) [0m
  [4;35;1mIndustry Destroy (0.3ms)[0m   [0mDELETE FROM "industries" WHERE "id" = 8[0m
  [4;36;1mIndustry Load (0.3ms)[0m   [0;1mSELECT * FROM "industries" WHERE ("industries"."id" = 9) [0m
  [4;35;1mIndustry Destroy (0.3ms)[0m   [0mDELETE FROM "industries" WHERE "id" = 9[0m
Redirected to http://localhost:3000/industries
Completed in 71ms (DB: 1) | 302 Found [http://localhost/industries/destroy_multiple]


Processing IndustriesController#index (for 127.0.0.1 at 2010-12-09 12:58:05) [GET]
  [4;36;1mIndustry Load (0.5ms)[0m   [0;1mSELECT * FROM "industries" [0m
Rendering template within layouts/industries
Rendering industries/index
Completed in 10ms (View: 2, DB: 1) | 200 OK [http://localhost/industries]
